0 info it worked if it ends with ok
1 verbose cli [ 'C:\\Program Files\\nodejs\\node.exe',
1 verbose cli   'C:\\Users\\sergeev\\AppData\\Roaming\\npm\\node_modules\\npm\\bin\\npm-cli.js',
1 verbose cli   'run',
1 verbose cli   'lint' ]
2 info using npm@3.8.0
3 info using node@v4.6.1
4 verbose run-script [ 'prelint', 'lint', 'postlint' ]
5 info lifecycle stocks-watch@0.0.0~prelint: stocks-watch@0.0.0
6 silly lifecycle stocks-watch@0.0.0~prelint: no script for prelint, continuing
7 info lifecycle stocks-watch@0.0.0~lint: stocks-watch@0.0.0
8 verbose lifecycle stocks-watch@0.0.0~lint: unsafe-perm in lifecycle true
9 verbose lifecycle stocks-watch@0.0.0~lint: PATH: C:\Users\sergeev\AppData\Roaming\npm\node_modules\npm\bin\node-gyp-bin;D:\work\stocks-watch\node_modules\.bin;C:\Program Files\nodejs;C:\Users\sergeev\bin;C:\Program Files\Git\mingw64\bin;C:\Program Files\Git\usr\local\bin;C:\Program Files\Git\usr\bin;C:\Program Files\Git\usr\bin;C:\Program Files\Git\mingw64\bin;C:\Program Files\Git\usr\bin;C:\Users\sergeev\bin;C:\ProgramData\Oracle\Java\javapath;C:\Program Files (x86)\Intel\iCLS Client;C:\Program Files\Intel\iCLS Client;C:\WINDOWS\system32;C:\WINDOWS;C:\WINDOWS\System32\Wbem;C:\WINDOWS\System32\WindowsPowerShell\v1.0;C:\Program Files\Intel\Intel(R) Management Engine Components\DAL;C:\Program Files\Intel\Intel(R) Management Engine Components\IPT;C:\Program Files (x86)\Intel\Intel(R) Management Engine Components\DAL;C:\Program Files (x86)\Intel\Intel(R) Management Engine Components\IPT;C:\Program Files\Microsoft\Web Platform Installer;C:\Program Files (x86)\Microsoft ASP.NET\ASP.NET Web Pages\v1.0;C:\Program Files\Microsoft SQL Server\110\Tools\Binn;C:\Program Files (x86)\Microsoft SQL Server\110\Tools\Binn;C:\Program Files\Microsoft SQL Server\110\DTS\Binn;C:\Program Files (x86)\Microsoft SQL Server\110\Tools\Binn\ManagementStudio;C:\Program Files (x86)\Microsoft Visual Studio 10.0\Common7\IDE\PrivateAssemblies;C:\Program Files (x86)\Microsoft SQL Server\110\DTS\Binn;%BPADir%;C:\Program Files (x86)\Microsoft Team Foundation Server 2015 Power Tools;C:\Program Files (x86)\Brackets\command;C:\Program Files (x86)\Skype\Phone;C:\Program Files\Microsoft SQL Server\120\Tools\Binn;C:\WINDOWS\SysWOW64\WindowsPowerShell\v1.0\Modules\TShell\TShell;C:\Program Files\Microsoft SQL Server\130\Tools\Binn;C:\Program Files\dotnet;C:\Program Files\Microsoft DNX\Dnvm;C:\Program Files\nodejs;C:\Program Files\Git\cmd;C:\Ruby21-x64\bin;C:\Users\sergeev\.dnx\bin;C:\Ruby21\bin;C:\Python34\Scripts;C:\Program Files (x86)\Java\jre7\bin;C:\Program Files (x86)\NuGet;C:\Program Files (x86)\Sublime Text 2;C:\Program Files (x86)\Microsoft VS Code\bin;C:\Users\sergeev\AppData\Roaming\npm;C:\Program Files\Git\usr\bin\vendor_perl;C:\Program Files\Git\usr\bin\core_perl
10 verbose lifecycle stocks-watch@0.0.0~lint: CWD: D:\work\stocks-watch
11 silly lifecycle stocks-watch@0.0.0~lint: Args: [ '/d /s /c', 'tslint "src/**/*.ts"' ]
12 silly lifecycle stocks-watch@0.0.0~lint: Returned: code: 2  signal: null
13 info lifecycle stocks-watch@0.0.0~lint: Failed to exec lint script
14 verbose stack Error: stocks-watch@0.0.0 lint: `tslint "src/**/*.ts"`
14 verbose stack Exit status 2
14 verbose stack     at EventEmitter.<anonymous> (C:\Users\sergeev\AppData\Roaming\npm\node_modules\npm\lib\utils\lifecycle.js:239:16)
14 verbose stack     at emitTwo (events.js:87:13)
14 verbose stack     at EventEmitter.emit (events.js:172:7)
14 verbose stack     at ChildProcess.<anonymous> (C:\Users\sergeev\AppData\Roaming\npm\node_modules\npm\lib\utils\spawn.js:24:14)
14 verbose stack     at emitTwo (events.js:87:13)
14 verbose stack     at ChildProcess.emit (events.js:172:7)
14 verbose stack     at maybeClose (internal/child_process.js:829:16)
14 verbose stack     at Process.ChildProcess._handle.onexit (internal/child_process.js:211:5)
15 verbose pkgid stocks-watch@0.0.0
16 verbose cwd D:\work\stocks-watch
17 error Windows_NT 6.3.9600
18 error argv "C:\\Program Files\\nodejs\\node.exe" "C:\\Users\\sergeev\\AppData\\Roaming\\npm\\node_modules\\npm\\bin\\npm-cli.js" "run" "lint"
19 error node v4.6.1
20 error npm  v3.8.0
21 error code ELIFECYCLE
22 error stocks-watch@0.0.0 lint: `tslint "src/**/*.ts"`
22 error Exit status 2
23 error Failed at the stocks-watch@0.0.0 lint script 'tslint "src/**/*.ts"'.
23 error Make sure you have the latest version of node.js and npm installed.
23 error If you do, this is most likely a problem with the stocks-watch package,
23 error not with npm itself.
23 error Tell the author that this fails on your system:
23 error     tslint "src/**/*.ts"
23 error You can get information on how to open an issue for this project with:
23 error     npm bugs stocks-watch
23 error Or if that isn't available, you can get their info via:
23 error     npm owner ls stocks-watch
23 error There is likely additional logging output above.
24 verbose exit [ 1, true ]
